Arguments: 
  /usr/local/bin/node /usr/local/bin/yarn install

PATH: 
  /usr/local/bin:/usr/bin:/bin:/usr/sbin:/sbin:/opt/X11/bin:/Library/Java/JavaVirtualMachines/jdk1.7.0_79.jdk/Contents/Home/bin:/Users/liufang/apache-maven-3.3.9/bin:/Users/liufang/apache-maven-3.3.9/bin:/bin

Yarn version: 
  1.15.2

Node version: 
  8.9.1

Platform: 
  darwin x64

Trace: 
  Error: EINVAL: invalid argument, unlink '/Users/liufang/openSource/FunnyLiu/expressDemo/myapp/node_modules/clean-css/node_modules/commander'

npm manifest: 
  {
    "name": "myapp",
    "version": "0.0.0",
    "private": true,
    "scripts": {
      "start": "node ./bin/www"
    },
    "dependencies": {
      "body-parser": "~1.15.2",
      "cookie-parser": "~1.4.3",
      "debug": "~2.2.0",
      "express": "~4.14.0",
      "jade": "~1.11.0",
      "morgan": "~1.7.0",
      "serve-favicon": "~2.3.0"
    },
    "devDependencies": {
      "debug": "^2.2.0",
      "ejs": "^2.5.2",
      "gulp": "^3.9.1",
      "mongoose": "^4.7.0",
      "socket.io": "^2.0.3",
      "text": "requirejs/text"
    }
  }

yarn manifest: 
  No manifest

Lockfile: 
  No lockfile
